<?xml version="1.0" encoding="UTF-8"?>
<!-- Generated by org.testng.reporters.JUnitReportReporter -->
<testsuite hostname="DESKTOP-TDHOLHJ" failures="0" tests="1" name="com.comcast.crm.contacttest.CreateContactWithSupportDateTest" time="20.678" errors="0" timestamp="2026-09-07T12:59:44 IST" skipped="0">
  <testcase classname="com.comcast.crm.contacttest.CreateContactWithSupportDateTest" name="createContactWithSupportDateTest" time="20.678"/>
</testsuite> <!-- com.comcast.crm.contacttest.CreateContactWithSupportDateTest -->
