<?xml version="1.0" encoding="UTF-8"?>
<testng-results ignored="0" total="3" passed="3" failed="0" skipped="0">
  <reporter-output>
  </reporter-output>
  <suite started-at="2026-09-16T12:21:29 IST" name="Default suite" finished-at="2026-09-16T12:21:58 IST" duration-ms="29232">
    <groups>
      <group name="RegressionTest">
        <method signature="CreateOrganizationTest.createOrgWithIndustryTest()[pri:0, instance:com.comcast.crm.orgtest.CreateOrganizationTest@1a677343]" name="createOrgWithIndustryTest" class="com.comcast.crm.orgtest.CreateOrganizationTest"/>
        <method signature="CreateOrganizationTest.createOrgWithPhoneNumberTest()[pri:0, instance:com.comcast.crm.orgtest.CreateOrganizationTest@1a677343]" name="createOrgWithPhoneNumberTest" class="com.comcast.crm.orgtest.CreateOrganizationTest"/>
      </group> <!-- RegressionTest -->
      <group name="smokeTest">
        <method signature="CreateOrganizationTest.createOrgTest()[pri:0, instance:com.comcast.crm.orgtest.CreateOrganizationTest@1a677343]" name="createOrgTest" class="com.comcast.crm.orgtest.CreateOrganizationTest"/>
      </group> <!-- smokeTest -->
    </groups>
    <test started-at="2026-09-16T12:21:29 IST" name="Default test" finished-at="2026-09-16T12:21:58 IST" duration-ms="29232">
      <class name="com.comcast.crm.orgtest.CreateOrganizationTest">
        <test-method is-config="true" signature="configBS()[pri:0, instance:com.comcast.crm.orgtest.CreateOrganizationTest@1a677343]" started-at="2026-09-16T12:21:28 IST" name="configBS" finished-at="2026-09-16T12:21:29 IST" duration-ms="883" status="PASS">
          <reporter-output>
          </reporter-output>
        </test-method> <!-- configBS -->
        <test-method is-config="true" signature="configBC()[pri:0, instance:com.comcast.crm.orgtest.CreateOrganizationTest@1a677343]" started-at="2026-09-16T12:21:29 IST" name="configBC" finished-at="2026-09-16T12:21:31 IST" duration-ms="2504" status="PASS">
          <reporter-output>
          </reporter-output>
        </test-method> <!-- configBC -->
        <test-method is-config="true" signature="configBM()[pri:0, instance:com.comcast.crm.orgtest.CreateOrganizationTest@1a677343]" started-at="2026-09-16T12:21:31 IST" name="configBM" finished-at="2026-09-16T12:21:36 IST" duration-ms="4330" status="PASS">
          <reporter-output>
          </reporter-output>
        </test-method> <!-- configBM -->
        <test-method signature="createOrgTest()[pri:0, instance:com.comcast.crm.orgtest.CreateOrganizationTest@1a677343]" started-at="2026-09-16T12:21:36 IST" name="createOrgTest" finished-at="2026-09-16T12:21:44 IST" duration-ms="8094" status="PASS">
          <reporter-output>
          </reporter-output>
        </test-method> <!-- createOrgTest -->
        <test-method is-config="true" signature="configAM()[pri:0, instance:com.comcast.crm.orgtest.CreateOrganizationTest@1a677343]" started-at="2026-09-16T12:21:44 IST" name="configAM" finished-at="2026-09-16T12:21:45 IST" duration-ms="1242" status="PASS">
          <reporter-output>
          </reporter-output>
        </test-method> <!-- configAM -->
        <test-method is-config="true" signature="configBM()[pri:0, instance:com.comcast.crm.orgtest.CreateOrganizationTest@1a677343]" started-at="2026-09-16T12:21:45 IST" name="configBM" finished-at="2026-09-16T12:21:46 IST" duration-ms="758" status="PASS">
          <reporter-output>
          </reporter-output>
        </test-method> <!-- configBM -->
        <test-method signature="createOrgWithIndustryTest()[pri:0, instance:com.comcast.crm.orgtest.CreateOrganizationTest@1a677343]" started-at="2026-09-16T12:21:46 IST" name="createOrgWithIndustryTest" finished-at="2026-09-16T12:21:50 IST" duration-ms="4820" status="PASS">
          <reporter-output>
          </reporter-output>
        </test-method> <!-- createOrgWithIndustryTest -->
        <test-method is-config="true" signature="configAM()[pri:0, instance:com.comcast.crm.orgtest.CreateOrganizationTest@1a677343]" started-at="2026-09-16T12:21:50 IST" name="configAM" finished-at="2026-09-16T12:21:51 IST" duration-ms="743" status="PASS">
          <reporter-output>
          </reporter-output>
        </test-method> <!-- configAM -->
        <test-method is-config="true" signature="configBM()[pri:0, instance:com.comcast.crm.orgtest.CreateOrganizationTest@1a677343]" started-at="2026-09-16T12:21:51 IST" name="configBM" finished-at="2026-09-16T12:21:53 IST" duration-ms="1281" status="PASS">
          <reporter-output>
          </reporter-output>
        </test-method> <!-- configBM -->
        <test-method signature="createOrgWithPhoneNumberTest()[pri:0, instance:com.comcast.crm.orgtest.CreateOrganizationTest@1a677343]" started-at="2026-09-16T12:21:53 IST" name="createOrgWithPhoneNumberTest" finished-at="2026-09-16T12:21:56 IST" duration-ms="3956" status="PASS">
          <reporter-output>
          </reporter-output>
        </test-method> <!-- createOrgWithPhoneNumberTest -->
        <test-method is-config="true" signature="configAM()[pri:0, instance:com.comcast.crm.orgtest.CreateOrganizationTest@1a677343]" started-at="2026-09-16T12:21:56 IST" name="configAM" finished-at="2026-09-16T12:21:57 IST" duration-ms="1025" status="PASS">
          <reporter-output>
          </reporter-output>
        </test-method> <!-- configAM -->
        <test-method is-config="true" signature="configAC()[pri:0, instance:com.comcast.crm.orgtest.CreateOrganizationTest@1a677343]" started-at="2026-09-16T12:21:57 IST" name="configAC" finished-at="2026-09-16T12:21:58 IST" duration-ms="389" status="PASS">
          <reporter-output>
          </reporter-output>
        </test-method> <!-- configAC -->
        <test-method is-config="true" signature="configAS()[pri:0, instance:com.comcast.crm.orgtest.CreateOrganizationTest@1a677343]" started-at="2026-09-16T12:21:58 IST" name="configAS" finished-at="2026-09-16T12:21:58 IST" duration-ms="37" status="PASS">
          <reporter-output>
          </reporter-output>
        </test-method> <!-- configAS -->
      </class> <!-- com.comcast.crm.orgtest.CreateOrganizationTest -->
    </test> <!-- Default test -->
  </suite> <!-- Default suite -->
</testng-results>
